<?xml version="1.0" encoding="UTF-8"?>
<!-- Generated by org.testng.reporters.JUnitXMLReporter -->
<testsuite hostname="sonali2698" ignored="0" name="Test" tests="6" failures="0" timestamp="29 Apr 2021 11:25:09 GMT" time="0.14" errors="0">
  <testcase name="RestAPITool" time="0.018" classname="rahulshettyacademy.Mavenjava.RestAPITest"/>
  <testcase name="elementid" time="0.002" classname="rahulshettyacademy.Mavenjava.RestAPITest"/>
  <testcase name="BrowserAutomation" time="0.002" classname="rahulshettyacademy.Mavenjava.SeleniumJavaTest"/>
  <testcase name="Selenium" time="0.002" classname="rahulshettyacademy.Mavenjava.SeleniumJavaTest"/>
  <testcase name="AppiumTool" time="0.002" classname="rahulshettyacademy.Mavenjava.AppiumTest"/>
  <testcase name="elementsUI" time="0.002" classname="rahulshettyacademy.Mavenjava.AppiumTest"/>
</testsuite> <!-- Test -->
