<?xml version="1.0" encoding="UTF-8"?>
<!-- Generated by org.testng.reporters.JUnitXMLReporter -->
<testsuite hostname="sonali2698" ignored="0" name="Test" tests="6" failures="0" timestamp="2021-04-30T11:54:04 IST" time="0.124" errors="0">
  <testcase name="RestAPITool" time="0.01" classname="rahulshettyacademy.Mavenjava.RestAPITest"/>
  <testcase name="elementid" time="0.003" classname="rahulshettyacademy.Mavenjava.RestAPITest"/>
  <testcase name="BrowserAutomation" time="0.0" classname="rahulshettyacademy.Mavenjava.SeleniumJavaTest"/>
  <testcase name="Selenium" time="0.0" classname="rahulshettyacademy.Mavenjava.SeleniumJavaTest"/>
  <testcase name="AppiumTool" time="0.001" classname="rahulshettyacademy.Mavenjava.AppiumTest"/>
  <testcase name="elementsUI" time="0.005" classname="rahulshettyacademy.Mavenjava.AppiumTest"/>
</testsuite> <!-- Test -->
