<?xml version="1.0" encoding="UTF-8"?>
<testng-results skipped="0" failed="0" ignored="0" total="6" passed="6">
  <reporter-output>
  </reporter-output>
  <suite name="Suite" duration-ms="140" started-at="2021-04-29T11:25:09Z" finished-at="2021-04-29T11:25:09Z">
    <groups>
    </groups>
    <test name="Test" duration-ms="140" started-at="2021-04-29T11:25:09Z" finished-at="2021-04-29T11:25:09Z">
      <class name="rahulshettyacademy.Mavenjava.RestAPITest">
        <test-method status="PASS" signature="RestAPITool()[pri:0, instance:rahulshettyacademy.Mavenjava.RestAPITest@4e1d422d]" name="RestAPITool" duration-ms="18" started-at="2021-04-29T11:25:09Z" finished-at="2021-04-29T11:25:09Z">
          <reporter-output>
          </reporter-output>
        </test-method> <!-- RestAPITool -->
        <test-method status="PASS" signature="elementid()[pri:0, instance:rahulshettyacademy.Mavenjava.RestAPITest@4e1d422d]" name="elementid" duration-ms="2" started-at="2021-04-29T11:25:09Z" finished-at="2021-04-29T11:25:09Z">
          <reporter-output>
          </reporter-output>
        </test-method> <!-- elementid -->
      </class> <!-- rahulshettyacademy.Mavenjava.RestAPITest -->
      <class name="rahulshettyacademy.Mavenjava.SeleniumJavaTest">
        <test-method status="PASS" signature="BrowserAutomation()[pri:0, instance:rahulshettyacademy.Mavenjava.SeleniumJavaTest@66480dd7]" name="BrowserAutomation" duration-ms="2" started-at="2021-04-29T11:25:09Z" finished-at="2021-04-29T11:25:09Z">
          <reporter-output>
          </reporter-output>
        </test-method> <!-- BrowserAutomation -->
        <test-method status="PASS" signature="Selenium()[pri:0, instance:rahulshettyacademy.Mavenjava.SeleniumJavaTest@66480dd7]" name="Selenium" duration-ms="2" started-at="2021-04-29T11:25:09Z" finished-at="2021-04-29T11:25:09Z">
          <reporter-output>
          </reporter-output>
        </test-method> <!-- Selenium -->
      </class> <!-- rahulshettyacademy.Mavenjava.SeleniumJavaTest -->
      <class name="rahulshettyacademy.Mavenjava.AppiumTest">
        <test-method status="PASS" signature="AppiumTool()[pri:0, instance:rahulshettyacademy.Mavenjava.AppiumTest@52a86356]" name="AppiumTool" duration-ms="2" started-at="2021-04-29T11:25:09Z" finished-at="2021-04-29T11:25:09Z">
          <reporter-output>
          </reporter-output>
        </test-method> <!-- AppiumTool -->
        <test-method status="PASS" signature="elementsUI()[pri:0, instance:rahulshettyacademy.Mavenjava.AppiumTest@52a86356]" name="elementsUI" duration-ms="2" started-at="2021-04-29T11:25:09Z" finished-at="2021-04-29T11:25:09Z">
          <reporter-output>
          </reporter-output>
        </test-method> <!-- elementsUI -->
      </class> <!-- rahulshettyacademy.Mavenjava.AppiumTest -->
    </test> <!-- Test -->
  </suite> <!-- Suite -->
</testng-results>
